mode: set
github.com/suraboy/test-neversitup/app/internal/service/assignment.go:18.37,20.2 1 1
github.com/suraboy/test-neversitup/app/internal/service/assignment.go:22.62,28.2 5 1
github.com/suraboy/test-neversitup/app/internal/service/assignment.go:30.93,31.32 1 1
github.com/suraboy/test-neversitup/app/internal/service/assignment.go:31.32,34.3 2 1
github.com/suraboy/test-neversitup/app/internal/service/assignment.go:36.2,36.34 1 1
github.com/suraboy/test-neversitup/app/internal/service/assignment.go:36.34,37.15 1 1
github.com/suraboy/test-neversitup/app/internal/service/assignment.go:37.15,41.4 3 1
github.com/suraboy/test-neversitup/app/internal/service/assignment.go:45.52,48.28 2 1
github.com/suraboy/test-neversitup/app/internal/service/assignment.go:48.28,50.3 1 1
github.com/suraboy/test-neversitup/app/internal/service/assignment.go:52.2,52.38 1 1
github.com/suraboy/test-neversitup/app/internal/service/assignment.go:52.38,53.19 1 1
github.com/suraboy/test-neversitup/app/internal/service/assignment.go:53.19,55.4 1 1
github.com/suraboy/test-neversitup/app/internal/service/assignment.go:58.2,58.76 1 1
github.com/suraboy/test-neversitup/app/internal/service/assignment.go:61.54,66.27 4 1
github.com/suraboy/test-neversitup/app/internal/service/assignment.go:66.27,67.27 1 1
github.com/suraboy/test-neversitup/app/internal/service/assignment.go:67.27,69.4 1 1
github.com/suraboy/test-neversitup/app/internal/service/assignment.go:72.2,72.14 1 1
